<?xml version="1.0" encoding="UTF-8"?>
<!-- Generated by org.testng.reporters.JUnitXMLReporter -->
<testsuite hostname="DESKTOP-JQ0LRFT" ignored="0" name="Default test" tests="2" failures="0" timestamp="2019-12-07T14:03:58 EST" time="28.35" errors="0">
  <testcase name="runScenario" time="12.416" classname="io.cucumber.testng.AbstractTestNGCucumberTests"/>
  <testcase name="runScenario" time="15.412" classname="io.cucumber.testng.AbstractTestNGCucumberTests"/>
</testsuite> <!-- Default test -->
