<?xml version="1.0" encoding="UTF-8"?>
<testng-results skipped="0" failed="0" ignored="0" total="2" passed="2">
  <reporter-output>
  </reporter-output>
  <suite name="Default suite" duration-ms="28350" started-at="2019-12-07T14:03:30 EST" finished-at="2019-12-07T14:03:58 EST">
    <groups>
      <group name="cucumber">
        <method signature="AbstractTestNGCucumberTests.runScenario(io.cucumber.testng.PickleEventWrapper, io.cucumber.testng.CucumberFeatureWrapper)[pri:0, instance:cucumberTestRun.CucumberTestRun@5cdd8682]" name="runScenario" class="io.cucumber.testng.AbstractTestNGCucumberTests"/>
      </group> <!-- cucumber -->
    </groups>
    <test name="Default test" duration-ms="28350" started-at="2019-12-07T14:03:30 EST" finished-at="2019-12-07T14:03:58 EST">
      <class name="cucumberTestRun.CucumberTestRun">
        <test-method status="PASS" signature="setUpClass()[pri:0, instance:cucumberTestRun.CucumberTestRun@5cdd8682]" name="setUpClass" is-config="true" duration-ms="310" started-at="2019-12-07T14:03:30 EST" finished-at="2019-12-07T14:03:30 EST">
          <reporter-output>
          </reporter-output>
        </test-method> <!-- setUpClass -->
        <test-method status="PASS" signature="runScenario(io.cucumber.testng.PickleEventWrapper, io.cucumber.testng.CucumberFeatureWrapper)[pri:0, instance:cucumberTestRun.CucumberTestRun@5cdd8682]" name="runScenario" duration-ms="12416" started-at="2019-12-07T14:03:31 EST" description="Runs Cucumber Scenarios" data-provider="scenarios" finished-at="2019-12-07T14:03:43 EST">
          <params>
            <param index="0">
              <value>
                <![CDATA["I am on the Amazon Home page and validate the logo"]]>
              </value>
            </param>
            <param index="1">
              <value>
                <![CDATA["Amazon.com automation"]]>
              </value>
            </param>
          </params>
          <reporter-output>
          </reporter-output>
        </test-method> <!-- runScenario -->
        <test-method status="PASS" signature="runScenario(io.cucumber.testng.PickleEventWrapper, io.cucumber.testng.CucumberFeatureWrapper)[pri:0, instance:cucumberTestRun.CucumberTestRun@5cdd8682]" name="runScenario" duration-ms="15412" started-at="2019-12-07T14:03:43 EST" description="Runs Cucumber Scenarios" data-provider="scenarios" finished-at="2019-12-07T14:03:58 EST">
          <params>
            <param index="0">
              <value>
                <![CDATA["I am searching on Amazon search box"]]>
              </value>
            </param>
            <param index="1">
              <value>
                <![CDATA["Amazon.com automation"]]>
              </value>
            </param>
          </params>
          <reporter-output>
          </reporter-output>
        </test-method> <!-- runScenario -->
        <test-method status="PASS" signature="tearDownClass()[pri:0, instance:cucumberTestRun.CucumberTestRun@5cdd8682]" name="tearDownClass" is-config="true" duration-ms="83" started-at="2019-12-07T14:03:58 EST" finished-at="2019-12-07T14:03:58 EST">
          <reporter-output>
          </reporter-output>
        </test-method> <!-- tearDownClass -->
      </class> <!-- cucumberTestRun.CucumberTestRun -->
    </test> <!-- Default test -->
  </suite> <!-- Default suite -->
</testng-results>
